<?xml version="1.0" encoding="UTF-8"?>
<!-- Generated by org.testng.reporters.JUnitXMLReporter -->
<testsuite hostname="l3ug1m-QAL51" name="Command line test" tests="28" failures="0" timestamp="8 Aug 2015 19:01:35 GMT" time="0.338" errors="0">
  <testcase name="testDocumentFb303" time="0.105" classname="com.facebook.swift.parser.TestDocument"/>
  <testcase name="testDocumentHbase" time="0.085" classname="com.facebook.swift.parser.TestDocument"/>
  <testcase name="testEmpty" time="0.01" classname="com.facebook.swift.parser.TestDocument"/>
  <testcase name="testParse" time="0.006" classname="com.facebook.swift.parser.TestParser"/>
  <testcase name="testParse" time="0.02" classname="com.facebook.swift.parser.TestParser"/>
  <testcase name="testParse" time="0.003" classname="com.facebook.swift.parser.TestParser"/>
  <testcase name="testParse" time="0.018" classname="com.facebook.swift.parser.TestParser"/>
  <testcase name="testParse" time="0.002" classname="com.facebook.swift.parser.TestParser"/>
  <testcase name="testParse" time="0.001" classname="com.facebook.swift.parser.TestParser"/>
  <testcase name="testParse" time="0.001" classname="com.facebook.swift.parser.TestParser"/>
  <testcase name="testParse" time="0.002" classname="com.facebook.swift.parser.TestParser"/>
  <testcase name="testParse" time="0.003" classname="com.facebook.swift.parser.TestParser"/>
  <testcase name="testParse" time="0.005" classname="com.facebook.swift.parser.TestParser"/>
  <testcase name="testParse" time="0.002" classname="com.facebook.swift.parser.TestParser"/>
  <testcase name="testParse" time="0.001" classname="com.facebook.swift.parser.TestParser"/>
  <testcase name="testParse" time="0.003" classname="com.facebook.swift.parser.TestParser"/>
  <testcase name="testParse" time="0.001" classname="com.facebook.swift.parser.TestParser"/>
  <testcase name="testParse" time="0.001" classname="com.facebook.swift.parser.TestParser"/>
  <testcase name="testParse" time="0.002" classname="com.facebook.swift.parser.TestParser"/>
  <testcase name="testParse" time="0.009" classname="com.facebook.swift.parser.TestParser"/>
  <testcase name="testParse" time="0.003" classname="com.facebook.swift.parser.TestParser"/>
  <testcase name="testParse" time="0.003" classname="com.facebook.swift.parser.TestParser"/>
  <testcase name="testParse" time="0.002" classname="com.facebook.swift.parser.TestParser"/>
  <testcase name="testParse" time="0.0" classname="com.facebook.swift.parser.TestParser"/>
  <testcase name="testParse" time="0.008" classname="com.facebook.swift.parser.TestParser"/>
  <testcase name="testParse" time="0.002" classname="com.facebook.swift.parser.TestParser"/>
  <testcase name="testParse" time="0.002" classname="com.facebook.swift.parser.TestParser"/>
  <testcase name="testParse" time="0.001" classname="com.facebook.swift.parser.TestParser"/>
</testsuite> <!-- Command line test -->
